<?xml version="1.0" encoding="UTF-8"?>
<testng-results ignored="0" total="2" passed="2" failed="0" skipped="0">
  <reporter-output>
  </reporter-output>
  <suite started-at="2021-01-29T04:22:50Z" name="Default suite" finished-at="2021-01-29T04:22:56Z" duration-ms="6469">
    <groups>
    </groups>
    <test started-at="2021-01-29T04:22:50Z" name="Default test" finished-at="2021-01-29T04:22:56Z" duration-ms="6469">
      <class name="com.http.methods.testing.TestNGAPI">
        <test-method is-config="true" signature="setupApi()[pri:0, instance:com.http.methods.testing.TestNGAPI@1fd14d74]" started-at="2021-01-29T04:22:50Z" name="setupApi" finished-at="2021-01-29T04:22:55Z" duration-ms="4726" status="PASS">
          <reporter-output>
          </reporter-output>
        </test-method> <!-- setupApi -->
        <test-method signature="checkdata()[pri:0, instance:com.http.methods.testing.TestNGAPI@1fd14d74]" started-at="2021-01-29T04:22:55Z" name="checkdata" finished-at="2021-01-29T04:22:55Z" duration-ms="225" status="PASS">
          <reporter-output>
          </reporter-output>
        </test-method> <!-- checkdata -->
        <test-method signature="statusvalue()[pri:0, instance:com.http.methods.testing.TestNGAPI@1fd14d74]" started-at="2021-01-29T04:22:55Z" name="statusvalue" finished-at="2021-01-29T04:22:56Z" duration-ms="1454" status="PASS">
          <reporter-output>
          </reporter-output>
        </test-method> <!-- statusvalue -->
      </class> <!-- com.http.methods.testing.TestNGAPI -->
    </test> <!-- Default test -->
  </suite> <!-- Default suite -->
</testng-results>
